2025-07-15 15:00:52.269 [info] [main] Log level: Info
2025-07-15 15:00:52.269 [info] [main] Validating found git in: "git"
2025-07-15 15:00:52.269 [info] [main] Using git "2.50.1" from "git"
2025-07-15 15:00:52.269 [info] [Model][doInitialScan] Initial repository scan started
2025-07-15 15:00:52.269 [info] > git rev-parse --show-toplevel [13ms]
2025-07-15 15:00:52.269 [info] fatal: not a git repository (or any parent up to mount point /)
Stopping at filesystem boundary (GIT_DISCOVERY_ACROSS_FILESYSTEM not set).
2025-07-15 15:00:52.269 [info] [Model][doInitialScan] Initial repository scan completed - repositories (0), closed repositories (0), parent repositories (0), unsafe repositories (0)
2025-07-15 15:00:52.328 [info] > git rev-parse --show-toplevel [3ms]
2025-07-15 15:00:52.329 [info] fatal: not a git repository (or any parent up to mount point /)
Stopping at filesystem boundary (GIT_DISCOVERY_ACROSS_FILESYSTEM not set).
2025-07-15 15:00:52.558 [info] > git rev-parse --show-toplevel [2ms]
2025-07-15 15:00:52.558 [info] fatal: not a git repository (or any parent up to mount point /)
Stopping at filesystem boundary (GIT_DISCOVERY_ACROSS_FILESYSTEM not set).
2025-07-15 15:00:52.667 [info] > git rev-parse --show-toplevel [2ms]
2025-07-15 15:00:52.667 [info] fatal: not a git repository (or any parent up to mount point /)
Stopping at filesystem boundary (GIT_DISCOVERY_ACROSS_FILESYSTEM not set).
2025-07-15 15:00:53.247 [info] > git rev-parse --show-toplevel [1ms]
2025-07-15 15:00:53.248 [info] fatal: not a git repository (or any parent up to mount point /)
Stopping at filesystem boundary (GIT_DISCOVERY_ACROSS_FILESYSTEM not set).
